[debug] [2023-10-25T15:46:49.238Z] ----------------------------------------------------------------------
[debug] [2023-10-25T15:46:49.242Z] Command:       /usr/local/bin/firebase /Users/chamanchangappaha/.cache/firebase/tools/lib/node_modules/firebase-tools/lib/bin/firebase init
[debug] [2023-10-25T15:46:49.243Z] CLI Version:   12.7.0
[debug] [2023-10-25T15:46:49.243Z] Platform:      darwin
[debug] [2023-10-25T15:46:49.244Z] Node Version:  v16.16.0
[debug] [2023-10-25T15:46:49.247Z] Time:          Wed Oct 25 2023 21:16:49 GMT+0530 (India Standard Time)
[debug] [2023-10-25T15:46:49.247Z] ----------------------------------------------------------------------
[debug] 
[debug] [2023-10-25T15:46:49.408Z] > command requires scopes: ["email","openid","https://www.googleapis.com/auth/cloudplatformprojects.readonly","https://www.googleapis.com/auth/firebase","https://www.googleapis.com/auth/cloud-platform"]
[debug] [2023-10-25T15:46:49.410Z] > authorizing via signed-in user (chamanchangappaha@gmail.com)
[info] 
     ######## #### ########  ######## ########     ###     ######  ########
     ##        ##  ##     ## ##       ##     ##  ##   ##  ##       ##
     ######    ##  ########  ######   ########  #########  ######  ######
     ##        ##  ##    ##  ##       ##     ## ##     ##       ## ##
     ##       #### ##     ## ######## ########  ##     ##  ######  ########

You're about to initialize a Firebase project in this directory:

  /Users/chamanchangappaha/Desktop/MemeCloner/memes1/memes

Before we get started, keep in mind:

  * You are initializing within an existing Firebase project directory

[info] 
=== Project Setup
[info] 
[info] First, let's associate this project directory with a Firebase project.
[info] You can create multiple project aliases by running firebase use --add, 
[info] but for now we'll just set up a default project.
[info] 
[debug] [2023-10-25T15:48:14.090Z] Using project from CLI flag: cloner-8ffc6
[debug] [2023-10-25T15:48:14.104Z] > refreshing access token with scopes: []
[debug] [2023-10-25T15:48:14.111Z] >>> [apiv2][query] POST https://www.googleapis.com/oauth2/v3/token [none]
[debug] [2023-10-25T15:48:14.112Z] >>> [apiv2][body] POST https://www.googleapis.com/oauth2/v3/token [omitted]
[debug] [2023-10-25T15:48:14.714Z] <<< [apiv2][status] POST https://www.googleapis.com/oauth2/v3/token 200
[debug] [2023-10-25T15:48:14.717Z] <<< [apiv2][body] POST https://www.googleapis.com/oauth2/v3/token [omitted]
[debug] [2023-10-25T15:48:14.738Z] >>> [apiv2][query] GET https://firebase.googleapis.com/v1beta1/projects/cloner-8ffc6 [none]
[debug] [2023-10-25T15:48:15.161Z] <<< [apiv2][status] GET https://firebase.googleapis.com/v1beta1/projects/cloner-8ffc6 200
[debug] [2023-10-25T15:48:15.161Z] <<< [apiv2][body] GET https://firebase.googleapis.com/v1beta1/projects/cloner-8ffc6 {"projectId":"cloner-8ffc6","projectNumber":"305236274567","displayName":"cloner","name":"projects/cloner-8ffc6","resources":{"hostingSite":"cloner-8ffc6","realtimeDatabaseInstance":"cloner-8ffc6-default-rtdb","storageBucket":"cloner-8ffc6.appspot.com","locationId":"us-central"},"state":"ACTIVE","etag":"1_a333b825-3081-4666-a26e-db1fc62fae39"}
[info] i  Using project cloner-8ffc6 (cloner) 
[info] 
=== Firestore Setup
[debug] [2023-10-25T15:48:15.175Z] >>> [apiv2][query] GET https://serviceusage.googleapis.com/v1/projects/cloner-8ffc6/services/firestore.googleapis.com [none]
[debug] [2023-10-25T15:48:15.175Z] >>> [apiv2][(partial)header] GET https://serviceusage.googleapis.com/v1/projects/cloner-8ffc6/services/firestore.googleapis.com x-goog-quota-user=projects/cloner-8ffc6
[debug] [2023-10-25T15:48:17.507Z] <<< [apiv2][status] GET https://serviceusage.googleapis.com/v1/projects/cloner-8ffc6/services/firestore.googleapis.com 200
[debug] [2023-10-25T15:48:17.507Z] <<< [apiv2][body] GET https://serviceusage.googleapis.com/v1/projects/cloner-8ffc6/services/firestore.googleapis.com [omitted]
[debug] [2023-10-25T15:48:17.508Z] >>> [apiv2][query] GET https://firestore.googleapis.com/v1/projects/cloner-8ffc6/databases/(default) [none]
[debug] [2023-10-25T15:48:19.162Z] <<< [apiv2][status] GET https://firestore.googleapis.com/v1/projects/cloner-8ffc6/databases/(default) 200
[debug] [2023-10-25T15:48:19.163Z] <<< [apiv2][body] GET https://firestore.googleapis.com/v1/projects/cloner-8ffc6/databases/(default) {"name":"projects/cloner-8ffc6/databases/(default)","uid":"1a6f8dcd-c0b6-4f90-8e75-2c09a926bdfc","createTime":"2023-10-20T13:59:48.376163Z","updateTime":"2023-10-20T13:59:48.376163Z","locationId":"nam5","type":"FIRESTORE_NATIVE","concurrencyMode":"PESSIMISTIC","versionRetentionPeriod":"3600s","earliestVersionTime":"2023-10-25T14:48:19.035147Z","appEngineIntegrationMode":"DISABLED","keyPrefix":"s","pointInTimeRecoveryEnablement":"POINT_IN_TIME_RECOVERY_DISABLED","deleteProtectionState":"DELETE_PROTECTION_DISABLED","etag":"IIj795LGkYIDMLnE+9fkhIID"}
[debug] [2023-10-25T15:48:19.163Z] database_type: FIRESTORE_NATIVE
[debug] [2023-10-25T15:48:19.167Z] > command requires scopes: ["email","openid","https://www.googleapis.com/auth/cloudplatformprojects.readonly","https://www.googleapis.com/auth/firebase","https://www.googleapis.com/auth/cloud-platform"]
[debug] [2023-10-25T15:48:19.168Z] > authorizing via signed-in user (chamanchangappaha@gmail.com)
[debug] [2023-10-25T15:48:19.168Z] [iam] checking project cloner-8ffc6 for permissions ["firebase.projects.get"]
[debug] [2023-10-25T15:48:19.169Z] >>> [apiv2][query] POST https://cloudresourcemanager.googleapis.com/v1/projects/cloner-8ffc6:testIamPermissions [none]
[debug] [2023-10-25T15:48:19.170Z] >>> [apiv2][(partial)header] POST https://cloudresourcemanager.googleapis.com/v1/projects/cloner-8ffc6:testIamPermissions x-goog-quota-user=projects/cloner-8ffc6
[debug] [2023-10-25T15:48:19.170Z] >>> [apiv2][body] POST https://cloudresourcemanager.googleapis.com/v1/projects/cloner-8ffc6:testIamPermissions {"permissions":["firebase.projects.get"]}
[debug] [2023-10-25T15:48:20.487Z] <<< [apiv2][status] POST https://cloudresourcemanager.googleapis.com/v1/projects/cloner-8ffc6:testIamPermissions 200
[debug] [2023-10-25T15:48:20.488Z] <<< [apiv2][body] POST https://cloudresourcemanager.googleapis.com/v1/projects/cloner-8ffc6:testIamPermissions {"permissions":["firebase.projects.get"]}
[info] 
[info] Firestore Security Rules allow you to define how and when to allow
[info] requests. You can keep these rules in your project directory
[info] and publish them with firebase deploy.
[info] 
[debug] [2023-10-25T15:48:29.225Z] >>> [apiv2][query] GET https://firebaserules.googleapis.com/v1/projects/cloner-8ffc6/releases pageSize=10&pageToken=
[debug] [2023-10-25T15:48:30.293Z] <<< [apiv2][status] GET https://firebaserules.googleapis.com/v1/projects/cloner-8ffc6/releases 200
[debug] [2023-10-25T15:48:30.294Z] <<< [apiv2][body] GET https://firebaserules.googleapis.com/v1/projects/cloner-8ffc6/releases {"releases":[{"name":"projects/cloner-8ffc6/releases/cloud.firestore","rulesetName":"projects/cloner-8ffc6/rulesets/62d487dc-75ad-448b-a58f-f27fff3b94da","createTime":"2023-10-20T13:59:57.499576Z","updateTime":"2023-10-22T19:25:19.535577Z"},{"name":"projects/cloner-8ffc6/releases/firebase.storage/cloner-8ffc6.appspot.com","rulesetName":"projects/cloner-8ffc6/rulesets/d1e5de9d-6663-43c4-afa5-3bad352f8591","createTime":"2023-10-20T14:51:18.907Z","updateTime":"2023-10-20T16:41:43.197485Z"}]}
[debug] [2023-10-25T15:48:30.302Z] Found ruleset: projects/cloner-8ffc6/rulesets/62d487dc-75ad-448b-a58f-f27fff3b94da
[debug] [2023-10-25T15:48:30.303Z] >>> [apiv2][query] GET https://firebaserules.googleapis.com/v1/projects/cloner-8ffc6/rulesets/62d487dc-75ad-448b-a58f-f27fff3b94da [none]
[debug] [2023-10-25T15:48:32.184Z] <<< [apiv2][status] GET https://firebaserules.googleapis.com/v1/projects/cloner-8ffc6/rulesets/62d487dc-75ad-448b-a58f-f27fff3b94da 200
[debug] [2023-10-25T15:48:32.184Z] <<< [apiv2][body] GET https://firebaserules.googleapis.com/v1/projects/cloner-8ffc6/rulesets/62d487dc-75ad-448b-a58f-f27fff3b94da [omitted]
[info] 
[info] Firestore indexes allow you to perform complex queries while
[info] maintaining performance that scales with the size of the result
[info] set. You can keep index definitions in your project directory
[info] and publish them with firebase deploy.
[info] 
